<?xml version="1.0" encoding="UTF-8"?>
<!-- Generated by org.testng.reporters.JUnitReportReporter -->
<testsuite skipped="0" hostname="Amina-HP" name="ebayTestCase.UserGetElementFromCategoryList" tests="1" failures="0" timestamp="17 Feb 2019 16:40:17 GMT" time="4.260" errors="0">
  <testcase name="getItem" time="4.260" classname="ebayTestCase.UserGetElementFromCategoryList"/>
</testsuite> <!-- ebayTestCase.UserGetElementFromCategoryList -->
