<?xml version="1.0" encoding="UTF-8"?>
<!-- Generated by org.testng.reporters.JUnitReportReporter -->
<testsuite skipped="0" hostname="Amina-HP" name="ebayTestCase.UserAddsToCartTestCase" tests="1" failures="0" timestamp="17 Feb 2019 16:00:32 GMT" time="16.039" errors="0">
  <testcase name="addsToCart" time="16.039" classname="ebayTestCase.UserAddsToCartTestCase"/>
</testsuite> <!-- ebayTestCase.UserAddsToCartTestCase -->
